<?xml version="1.0" encoding="UTF-8"?>
<testsuite xmlns:xsi="http://www.w3.org/2001/XMLSchema-instance" xsi:noNamespaceSchemaLocation="https://maven.apache.org/surefire/maven-surefire-plugin/xsd/surefire-test-report-3.0.xsd" version="3.0" name="runners.TestRunner" time="9.591" tests="6" errors="0" skipped="0" failures="0">
  <properties>
[...]
</properties>
  <testcase name="Retrieve all posts" classname="Posts API Testing" time="4.782">
    <system-out><![CDATA[
Scenario: Retrieve all posts                  # src/test/java/features/posts.feature:3
  Given I send a GET request to "/posts"      # stepDefinitions.PostsSteps.i_send_a_get_request_to(java.lang.String)
  Then the response status code should be 200 # stepDefinitions.PostsSteps.the_response_status_code_should_be(java.lang.Integer)
  And the response should contain 100 posts   # stepDefinitions.PostsSteps.the_response_should_contain_posts(java.lang.Integer)
]]></system-out>
  </testcase>
  <testcase name="Retrieve a specific post by ID" classname="Posts API Testing" time="0.533">
    <system-out><![CDATA[
Scenario: Retrieve a specific post by ID             # src/test/java/features/posts.feature:9
  Given I send a GET request to "/posts/1"           # stepDefinitions.PostsSteps.i_send_a_get_request_to(java.lang.String)
  Then the response status code should be 200        # stepDefinitions.PostsSteps.the_response_status_code_should_be(java.lang.Integer)
  And the response should contain the post with id 1 # stepDefinitions.PostsSteps.the_response_should_contain_the_post_with_id(java.lang.Integer)
]]></system-out>
  </testcase>
  <testcase name="Create a new post" classname="Posts API Testing" time="0.795">
    <system-out><![CDATA[
Scenario: Create a new post                                  # src/test/java/features/posts.feature:14
  Given I send a POST request to "/posts" with body:         # stepDefinitions.PostsSteps.i_send_a_post_request_to_with_body(java.lang.String,java.lang.String)
  Then the response status code should be 201                # stepDefinitions.PostsSteps.the_response_status_code_should_be(java.lang.Integer)
  And the response should contain the new post with userId 1 # stepDefinitions.PostsSteps.the_response_should_contain_the_new_post_with_userId(java.lang.Integer)
]]></system-out>
  </testcase>
  <testcase name="Update an existing post by ID" classname="Posts API Testing" time="0.814">
    <system-out><![CDATA[
Scenario: Update an existing post by ID                                  # src/test/java/features/posts.feature:26
  Given I send a PUT request to "/posts/1" with body:                    # stepDefinitions.PostsSteps.i_send_a_put_request_to_with_body(java.lang.String,java.lang.String)
  Then the response status code should be 200                            # stepDefinitions.PostsSteps.the_response_status_code_should_be(java.lang.Integer)
  And the response should reflect the updated title "Updated Post Title" # stepDefinitions.PostsSteps.the_response_should_reflect_the_updated_title(java.lang.String)
]]></system-out>
  </testcase>
  <testcase name="Delete a specific post by ID" classname="Posts API Testing" time="0.769">
    <system-out><![CDATA[
Scenario: Delete a specific post by ID        # src/test/java/features/posts.feature:39
  Given I send a DELETE request to "/posts/1" # stepDefinitions.PostsSteps.i_send_a_delete_request_to(java.lang.String)
  Then the response status code should be 200 # stepDefinitions.PostsSteps.the_response_status_code_should_be(java.lang.Integer)
]]></system-out>
  </testcase>
  <testcase name="Partially update a post title by ID" classname="Posts API Testing" time="0.82">
    <system-out><![CDATA[
Scenario: Partially update a post title by ID                                 # src/test/java/features/posts.feature:43
  Given I send a PATCH request to "/posts/1" with body:                       # stepDefinitions.PostsSteps.i_send_a_patch_request_to_with_body(java.lang.String,java.lang.String)
  Then the response status code should be 200                                 # stepDefinitions.PostsSteps.the_response_status_code_should_be(java.lang.Integer)
  And the response should reflect the updated title "Partially Updated Title" # stepDefinitions.PostsSteps.the_response_should_reflect_the_updated_title(java.lang.String)
]]></system-out>
  </testcase>
</testsuite>